This file contains any messages produced by compilers while
running configure, to aid debugging if configure makes a mistake.

It was created by tcptrack configure 1.4.3, which was
generated by GNU Autoconf 2.69.  Invocation command line was

  $ /home/zhangzhao/tcptrack/configure 

## --------- ##
## Platform. ##
## --------- ##

hostname = zhangzhao-ThinkPad-X1-Nano-Gen-3
uname -m = x86_64
uname -r = 6.5.0-14-generic
uname -s = Linux
uname -v = #14~22.04.1-Ubuntu SMP PREEMPT_DYNAMIC Mon Nov 20 18:15:30 UTC 2

/usr/bin/uname -p = x86_64
/bin/uname -X     = unknown

/bin/arch              = x86_64
/usr/bin/arch -k       = unknown
/usr/convex/getsysinfo = unknown
/usr/bin/hostinfo      = unknown
/bin/machine           = unknown
/usr/bin/oslevel       = unknown
/bin/universe          = unknown

PATH: /usr/local/sbin
PATH: /usr/local/bin
PATH: /usr/sbin
PATH: /usr/bin
PATH: /sbin
PATH: /bin
PATH: /usr/games
PATH: /usr/local/games
PATH: /snap/bin
PATH: /snap/bin
PATH: /home/zhangzhao/softwares/CLion-2023.3.2/clion-2023.3.2/bin/ninja/linux/x64


## ----------- ##
## Core tests. ##
## ----------- ##

configure:2171: checking for a BSD-compatible install
configure:2239: result: /usr/bin/install -c
configure:2250: checking whether build environment is sane
configure:2305: result: yes
configure:2343: WARNING: 'missing' script is too old or missing
configure:2456: checking for a thread-safe mkdir -p
configure:2495: result: /usr/bin/mkdir -p
configure:2502: checking for gawk
configure:2532: result: no
configure:2502: checking for mawk
configure:2518: found /usr/bin/mawk
configure:2529: result: mawk
configure:2540: checking whether make sets $(MAKE)
configure:2562: result: yes
configure:2591: checking whether make supports nested variables
configure:2608: result: yes
configure:2625: error: source directory already configured; run "make distclean" there first

## ---------------- ##
## Cache variables. ##
## ---------------- ##

ac_cv_env_CCC_set=
ac_cv_env_CCC_value=
ac_cv_env_CC_set=
ac_cv_env_CC_value=
ac_cv_env_CFLAGS_set=
ac_cv_env_CFLAGS_value=
ac_cv_env_CPPFLAGS_set=
ac_cv_env_CPPFLAGS_value=
ac_cv_env_CXXCPP_set=
ac_cv_env_CXXCPP_value=
ac_cv_env_CXXFLAGS_set=
ac_cv_env_CXXFLAGS_value=
ac_cv_env_CXX_set=
ac_cv_env_CXX_value=
ac_cv_env_LDFLAGS_set=
ac_cv_env_LDFLAGS_value=
ac_cv_env_LIBS_set=
ac_cv_env_LIBS_value=
ac_cv_env_build_alias_set=
ac_cv_env_build_alias_value=
ac_cv_env_host_alias_set=
ac_cv_env_host_alias_value=
ac_cv_env_target_alias_set=
ac_cv_env_target_alias_value=
ac_cv_path_install='/usr/bin/install -c'
ac_cv_path_mkdir=/usr/bin/mkdir
ac_cv_prog_AWK=mawk
ac_cv_prog_make_make_set=yes
am_cv_make_support_nested_variables=yes

## ----------------- ##
## Output variables. ##
## ----------------- ##

ACLOCAL=''
AMDEPBACKSLASH=''
AMDEP_FALSE=''
AMDEP_TRUE=''
AMTAR=''
AM_BACKSLASH='\'
AM_DEFAULT_V='$(AM_DEFAULT_VERBOSITY)'
AM_DEFAULT_VERBOSITY='1'
AM_V='$(V)'
AUTOCONF=''
AUTOHEADER=''
AUTOMAKE=''
AWK='mawk'
CC=''
CCDEPMODE=''
CFLAGS=''
CPPFLAGS=''
CXX=''
CXXCPP=''
CXXDEPMODE=''
CXXFLAGS=''
CYGPATH_W=''
DEFS=''
DEPDIR=''
ECHO_C=''
ECHO_N='-n'
ECHO_T=''
EGREP=''
EXEEXT=''
GREP=''
INSTALL_DATA='${INSTALL} -m 644'
INSTALL_PROGRAM='${INSTALL}'
INSTALL_SCRIPT='${INSTALL}'
INSTALL_STRIP_PROGRAM='$(install_sh) -c -s'
LDFLAGS=''
LIBOBJS=''
LIBS=''
LTLIBOBJS=''
MAINT=''
MAINTAINER_MODE_FALSE=''
MAINTAINER_MODE_TRUE=''
MAKEINFO=''
MKDIR_P='/usr/bin/mkdir -p'
OBJEXT=''
PACKAGE=''
PACKAGE_BUGREPORT=''
PACKAGE_NAME='tcptrack'
PACKAGE_STRING='tcptrack 1.4.3'
PACKAGE_TARNAME='tcptrack'
PACKAGE_URL=''
PACKAGE_VERSION='1.4.3'
PATH_SEPARATOR=':'
SET_MAKE=''
SHELL='/bin/bash'
STRIP=''
VERSION=''
ac_ct_CC=''
ac_ct_CXX=''
am__EXEEXT_FALSE=''
am__EXEEXT_TRUE=''
am__fastdepCC_FALSE=''
am__fastdepCC_TRUE=''
am__fastdepCXX_FALSE=''
am__fastdepCXX_TRUE=''
am__include=''
am__isrc=' -I$(srcdir)'
am__leading_dot='.'
am__nodep=''
am__quote=''
am__tar=''
am__untar=''
bindir='${exec_prefix}/bin'
build_alias=''
datadir='${datarootdir}'
datarootdir='${prefix}/share'
docdir='${datarootdir}/doc/${PACKAGE_TARNAME}'
dvidir='${docdir}'
exec_prefix='NONE'
host_alias=''
htmldir='${docdir}'
includedir='${prefix}/include'
infodir='${datarootdir}/info'
install_sh='${SHELL} /home/zhangzhao/tcptrack/install-sh'
libdir='${exec_prefix}/lib'
libexecdir='${exec_prefix}/libexec'
localedir='${datarootdir}/locale'
localstatedir='${prefix}/var'
mandir='${datarootdir}/man'
mkdir_p=''
oldincludedir='/usr/include'
pdfdir='${docdir}'
prefix='NONE'
program_transform_name='s,x,x,'
psdir='${docdir}'
sbindir='${exec_prefix}/sbin'
sharedstatedir='${prefix}/com'
sysconfdir='${prefix}/etc'
target_alias=''

## ----------- ##
## confdefs.h. ##
## ----------- ##

/* confdefs.h */
#define PACKAGE_NAME "tcptrack"
#define PACKAGE_TARNAME "tcptrack"
#define PACKAGE_VERSION "1.4.3"
#define PACKAGE_STRING "tcptrack 1.4.3"
#define PACKAGE_BUGREPORT ""
#define PACKAGE_URL ""

configure: exit 1
